2023-04-26 13:43:53,048 INFO  [org.jboss.modules] (main) JBoss Modules version 2.0.0.Final
2023-04-26 13:43:53,763 INFO  [org.jboss.msc] (main) JBoss MSC version 1.4.13.Final
2023-04-26 13:43:53,770 INFO  [org.jboss.threads] (main) JBoss Threads version 2.4.0.Final
2023-04-26 13:43:53,884 INFO  [org.jboss.as] (MSC service thread 1-2) WFLYSRV0049: Keycloak 16.1.0 (WildFly Core 18.0.0.Final) starting
2023-04-26 13:43:53,889 DEBUG [org.jboss.as.config] (MSC service thread 1-2) Configured system properties:
	awt.toolkit = sun.awt.windows.WToolkit
	file.encoding = Cp1252
	file.separator = \
	java.awt.graphicsenv = sun.awt.Win32GraphicsEnvironment
	java.awt.headless = true
	java.awt.printerjob = sun.awt.windows.WPrinterJob
	java.class.path = C:\solaris\softwares\keycloak-16.1.0\jboss-modules.jar
	java.class.version = 55.0
	java.home = C:\Program Files\Java\jdk-11
	java.io.tmpdir = C:\Users\SOLARI~1\AppData\Local\Temp\
	java.library.path = C:\Program Files\Java\jdk-11\bin;C:\Windows\Sun\Java\bin;C:\Windows\system32;C:\Windows;C:\Program Files\Common Files\Oracle\Java\javapath;C:\Windows\system32;C:\Windows;C:\Windows\System32\Wbem;C:\Windows\System32\WindowsPowerShell\v1.0\;C:\Windows\System32\OpenSSH\;C:\Program Files\Java\jdk-11\bin;C:\solaris\softwares\apache-maven-3.9.1\bin;C:\Program Files\Docker\Docker\resources\bin;C:\Program Files\Git\cmd;C:\Program Files\MySQL\MySQL Shell 8.0\bin\;C:\Users\SolarisAdmin\AppData\Local\Microsoft\WindowsApps;;.
	java.net.preferIPv4Stack = true
	java.runtime.name = Java(TM) SE Runtime Environment
	java.runtime.version = 11.0.18+9-LTS-195
	java.specification.name = Java Platform API Specification
	java.specification.vendor = Oracle Corporation
	java.specification.version = 11
	java.util.logging.manager = org.jboss.logmanager.LogManager
	java.vendor = Oracle Corporation
	java.vendor.url = https://openjdk.java.net/
	java.vendor.url.bug = https://bugreport.java.com/bugreport/
	java.vendor.version = 18.9
	java.version = 11.0.18
	java.version.date = 2023-01-17
	java.vm.compressedOopsMode = 32-bit
	java.vm.info = mixed mode
	java.vm.name = Java HotSpot(TM) 64-Bit Server VM
	java.vm.specification.name = Java Virtual Machine Specification
	java.vm.specification.vendor = Oracle Corporation
	java.vm.specification.version = 11
	java.vm.vendor = Oracle Corporation
	java.vm.version = 11.0.18+9-LTS-195
	javax.management.builder.initial = org.jboss.as.jmx.PluggableMBeanServerBuilder
	jboss.home.dir = C:\solaris\softwares\keycloak-16.1.0
	jboss.host.name = solaris022
	jboss.modules.dir = C:\solaris\softwares\keycloak-16.1.0\modules
	jboss.modules.system.pkgs = org.jboss.byteman
	jboss.node.name = solaris022
	jboss.qualified.host.name = solaris022
	jboss.server.base.dir = C:\solaris\softwares\keycloak-16.1.0\standalone
	jboss.server.config.dir = C:\solaris\softwares\keycloak-16.1.0\standalone\configuration
	jboss.server.data.dir = C:\solaris\softwares\keycloak-16.1.0\standalone\data
	jboss.server.deploy.dir = C:\solaris\softwares\keycloak-16.1.0\standalone\data\content
	jboss.server.log.dir = C:\solaris\softwares\keycloak-16.1.0\standalone\log
	jboss.server.name = solaris022
	jboss.server.persist.config = true
	jboss.server.temp.dir = C:\solaris\softwares\keycloak-16.1.0\standalone\tmp
	jdk.debug = release
	line.separator = 

	logging.configuration = file:C:\solaris\softwares\keycloak-16.1.0\standalone\configuration/logging.properties
	module.path = C:\solaris\softwares\keycloak-16.1.0\modules
	org.jboss.boot.log.file = C:\solaris\softwares\keycloak-16.1.0\standalone\log\server.log
	org.jboss.resolver.warning = true
	os.arch = amd64
	os.name = Windows 11
	os.version = 10.0
	path.separator = ;
	program.name = standalone.bat
	sun.arch.data.model = 64
	sun.boot.library.path = C:\Program Files\Java\jdk-11\bin
	sun.cpu.endian = little
	sun.cpu.isalist = amd64
	sun.desktop = windows
	sun.io.unicode.encoding = UnicodeLittle
	sun.java.command = C:\solaris\softwares\keycloak-16.1.0\jboss-modules.jar -mp C:\solaris\softwares\keycloak-16.1.0\modules org.jboss.as.standalone -Djboss.home.dir=C:\solaris\softwares\keycloak-16.1.0
	sun.java.launcher = SUN_STANDARD
	sun.jnu.encoding = Cp1252
	sun.management.compiler = HotSpot 64-Bit Tiered Compilers
	sun.os.patch.level = 
	sun.stderr.encoding = cp437
	sun.stdout.encoding = cp437
	user.country = IN
	user.dir = C:\solaris\softwares\keycloak-16.1.0\bin
	user.home = C:\Users\SolarisAdmin
	user.language = en
	user.name = SolarisAdmin
	user.script = 
	user.timezone = Asia/Calcutta
	user.variant = 
2023-04-26 13:43:53,892 DEBUG [org.jboss.as.config] (MSC service thread 1-2) VM Arguments: -Dprogram.name=standalone.bat -Xms64M -Xmx512M -XX:MetaspaceSize=96M -XX:MaxMetaspaceSize=256m -Djava.net.preferIPv4Stack=true -Djboss.modules.system.pkgs=org.jboss.byteman -Djava.awt.headless=true --add-exports=java.desktop/sun.awt=ALL-UNNAMED --add-exports=java.naming/com.sun.jndi.ldap=ALL-UNNAMED --add-opens=java.base/java.lang=ALL-UNNAMED --add-opens=java.base/java.lang.invoke=ALL-UNNAMED --add-opens=java.base/java.io=ALL-UNNAMED --add-opens=java.base/java.lang.reflect=ALL-UNNAMED --add-opens=java.base/java.security=ALL-UNNAMED --add-opens=java.base/java.util=ALL-UNNAMED --add-opens=java.base/java.util.concurrent=ALL-UNNAMED --add-opens=java.management/javax.management=ALL-UNNAMED --add-opens=java.naming/javax.naming=ALL-UNNAMED -Dorg.jboss.boot.log.file=C:\solaris\softwares\keycloak-16.1.0\standalone\log\server.log -Dlogging.configuration=file:C:\solaris\softwares\keycloak-16.1.0\standalone\configuration/logging.properties 
2023-04-26 13:43:54,858 INFO  [org.wildfly.security] (ServerService Thread Pool -- 19) ELY00001: WildFly Elytron version 1.18.1.Final
2023-04-26 13:43:55,703 INFO  [org.jboss.as.server] (Controller Boot Thread) WFLYSRV0039: Creating http management service using socket-binding (management-http)
2023-04-26 13:43:55,731 INFO  [org.xnio] (MSC service thread 1-8) XNIO version 3.8.5.Final
2023-04-26 13:43:55,745 INFO  [org.xnio.nio] (MSC service thread 1-8) XNIO NIO Implementation Version 3.8.5.Final
2023-04-26 13:43:55,802 INFO  [org.jboss.as.jaxrs] (ServerService Thread Pool -- 38) WFLYRS0016: RESTEasy version 4.7.4.Final
2023-04-26 13:43:55,817 WARN  [org.jboss.as.txn] (ServerService Thread Pool -- 49) WFLYTX0013: The node-identifier attribute on the /subsystem=transactions is set to the default value. This is a danger for environments running multiple servers. Please make sure the attribute value is unique.
2023-04-26 13:43:55,820 INFO  [org.wildfly.extension.health] (ServerService Thread Pool -- 35) WFLYHEALTH0001: Activating Base Health Subsystem
2023-04-26 13:43:55,826 INFO  [org.jboss.as.clustering.infinispan] (ServerService Thread Pool -- 36) WFLYCLINF0001: Activating Infinispan subsystem.
2023-04-26 13:43:55,833 INFO  [org.jboss.as.naming] (ServerService Thread Pool -- 45) WFLYNAM0001: Activating Naming Subsystem
2023-04-26 13:43:55,840 INFO  [org.jboss.as.connector] (MSC service thread 1-4) WFLYJCA0009: Starting Jakarta Connectors Subsystem (WildFly/IronJacamar 1.5.3.Final)
2023-04-26 13:43:55,847 INFO  [org.wildfly.extension.metrics] (ServerService Thread Pool -- 44) WFLYMETRICS0001: Activating Base Metrics Subsystem
2023-04-26 13:43:55,906 INFO  [org.jboss.as.connector.subsystems.datasources] (ServerService Thread Pool -- 30) WFLYJCA0004: Deploying JDBC-compliant driver class org.h2.Driver (version 1.4)
2023-04-26 13:43:55,948 INFO  [org.wildfly.extension.undertow] (MSC service thread 1-5) WFLYUT0003: Undertow 2.2.14.Final starting
2023-04-26 13:43:56,003 INFO  [org.jboss.as.connector.deployers.jdbc] (MSC service thread 1-6) WFLYJCA0018: Started Driver service with driver-name = h2
2023-04-26 13:43:56,018 WARN  [org.wildfly.clustering.web.undertow] (ServerService Thread Pool -- 50) WFLYCLWEBUT0007: No routing provider found for default-server; using legacy provider based on static configuration
2023-04-26 13:43:56,071 WARN  [org.wildfly.extension.elytron] (MSC service thread 1-5) WFLYELY00023: KeyStore file 'C:\solaris\softwares\keycloak-16.1.0\standalone\configuration\application.keystore' does not exist. Used blank.
2023-04-26 13:43:56,086 INFO  [org.jboss.as.naming] (MSC service thread 1-3) WFLYNAM0003: Starting Naming Service
2023-04-26 13:43:56,102 INFO  [org.jboss.as.mail.extension] (MSC service thread 1-3) WFLYMAIL0001: Bound mail session [java:jboss/mail/Default]
2023-04-26 13:43:56,155 INFO  [org.wildfly.extension.undertow] (ServerService Thread Pool -- 50) WFLYUT0014: Creating file handler for path 'C:\solaris\softwares\keycloak-16.1.0/welcome-content' with options [directory-listing: 'false', follow-symlink: 'false', case-sensitive: 'true', safe-symlink-paths: '[]']
2023-04-26 13:43:56,160 WARN  [org.wildfly.extension.elytron] (MSC service thread 1-4) WFLYELY01084: KeyStore C:\solaris\softwares\keycloak-16.1.0\standalone\configuration\application.keystore not found, it will be auto generated on first use with a self-signed certificate for host localhost
2023-04-26 13:43:56,787 INFO  [org.wildfly.extension.io] (ServerService Thread Pool -- 37) WFLYIO001: Worker 'default' has auto-configured to 24 IO threads with 192 max task threads based on your 12 available processors
2023-04-26 13:43:56,794 INFO  [org.jboss.as.ejb3] (MSC service thread 1-2) WFLYEJB0481: Strict pool slsb-strict-max-pool is using a max instance size of 192 (per class), which is derived from thread worker pool sizing.
2023-04-26 13:43:56,794 INFO  [org.jboss.as.ejb3] (MSC service thread 1-4) WFLYEJB0482: Strict pool mdb-strict-max-pool is using a max instance size of 48 (per class), which is derived from the number of CPUs on this host.
2023-04-26 13:43:56,848 INFO  [org.jboss.remoting] (MSC service thread 1-3) JBoss Remoting version 5.0.23.Final
2023-04-26 13:43:56,872 INFO  [org.wildfly.extension.undertow] (MSC service thread 1-6) WFLYUT0012: Started server default-server.
2023-04-26 13:43:56,886 INFO  [org.wildfly.extension.undertow] (MSC service thread 1-7) Queuing requests.
2023-04-26 13:43:56,898 INFO  [org.wildfly.extension.undertow] (MSC service thread 1-7) WFLYUT0018: Host default-host starting
2023-04-26 13:43:56,915 INFO  [org.jboss.as.patching] (MSC service thread 1-8) WFLYPAT0050: Keycloak cumulative patch ID is: base, one-off patches include: none
2023-04-26 13:43:56,937 INFO  [org.wildfly.extension.undertow] (MSC service thread 1-6) WFLYUT0006: Undertow HTTP listener default listening on 0.0.0.0:8180
2023-04-26 13:43:56,938 INFO  [org.wildfly.extension.undertow] (MSC service thread 1-1) WFLYUT0006: Undertow HTTPS listener https listening on 0.0.0.0:8443
2023-04-26 13:43:56,946 INFO  [org.jboss.as.server.deployment.scanner] (MSC service thread 1-5) WFLYDS0013: Started FileSystemDeploymentService for directory C:\solaris\softwares\keycloak-16.1.0\standalone\deployments
2023-04-26 13:43:56,975 INFO  [org.jboss.as.server.deployment] (MSC service thread 1-3) WFLYSRV0027: Starting deployment of "keycloak-server.war" (runtime-name: "keycloak-server.war")
2023-04-26 13:43:57,085 INFO  [org.jboss.as.ejb3] (MSC service thread 1-6) WFLYEJB0493: Jakarta Enterprise Beans subsystem suspension complete
2023-04-26 13:43:57,195 INFO  [org.jboss.as.connector.subsystems.datasources] (MSC service thread 1-2) WFLYJCA0001: Bound data source [java:jboss/datasources/KeycloakDS]
2023-04-26 13:43:57,195 INFO  [org.jboss.as.connector.subsystems.datasources] (MSC service thread 1-7) WFLYJCA0001: Bound data source [java:jboss/datasources/ExampleDS]
2023-04-26 13:43:58,275 INFO  [org.infinispan.CONTAINER] (ServerService Thread Pool -- 52) ISPN000128: Infinispan version: Infinispan 'Taedonggang' 12.1.7.Final
2023-04-26 13:43:58,334 INFO  [org.infinispan.CONFIG] (MSC service thread 1-6) ISPN000152: Passivation configured without an eviction policy being selected. Only manually evicted entities will be passivated.
2023-04-26 13:43:58,338 INFO  [org.infinispan.CONFIG] (MSC service thread 1-6) ISPN000152: Passivation configured without an eviction policy being selected. Only manually evicted entities will be passivated.
2023-04-26 13:43:58,369 INFO  [org.infinispan.CONTAINER] (ServerService Thread Pool -- 52) ISPN000556: Starting user marshaller 'org.wildfly.clustering.infinispan.marshalling.jboss.JBossMarshaller'
2023-04-26 13:43:58,369 INFO  [org.infinispan.CONTAINER] (ServerService Thread Pool -- 53) ISPN000556: Starting user marshaller 'org.wildfly.clustering.infinispan.spi.marshalling.InfinispanProtoStreamMarshaller'
2023-04-26 13:43:58,643 INFO  [org.jboss.as.clustering.infinispan] (ServerService Thread Pool -- 53) WFLYCLINF0002: Started http-remoting-connector cache from ejb container
2023-04-26 13:43:58,667 INFO  [org.jboss.as.clustering.infinispan] (ServerService Thread Pool -- 53) WFLYCLINF0002: Started sessions cache from keycloak container
2023-04-26 13:43:58,667 INFO  [org.jboss.as.clustering.infinispan] (ServerService Thread Pool -- 63) WFLYCLINF0002: Started authenticationSessions cache from keycloak container
2023-04-26 13:43:58,668 INFO  [org.jboss.as.clustering.infinispan] (ServerService Thread Pool -- 55) WFLYCLINF0002: Started work cache from keycloak container
2023-04-26 13:43:58,668 INFO  [org.jboss.as.clustering.infinispan] (ServerService Thread Pool -- 56) WFLYCLINF0002: Started actionTokens cache from keycloak container
2023-04-26 13:43:58,669 INFO  [org.jboss.as.clustering.infinispan] (ServerService Thread Pool -- 61) WFLYCLINF0002: Started offlineClientSessions cache from keycloak container
2023-04-26 13:43:58,669 INFO  [org.jboss.as.clustering.infinispan] (ServerService Thread Pool -- 59) WFLYCLINF0002: Started loginFailures cache from keycloak container
2023-04-26 13:43:58,669 INFO  [org.jboss.as.clustering.infinispan] (ServerService Thread Pool -- 60) WFLYCLINF0002: Started offlineSessions cache from keycloak container
2023-04-26 13:43:58,669 INFO  [org.jboss.as.clustering.infinispan] (ServerService Thread Pool -- 54) WFLYCLINF0002: Started clientSessions cache from keycloak container
2023-04-26 13:43:58,716 INFO  [org.jboss.as.clustering.infinispan] (ServerService Thread Pool -- 57) WFLYCLINF0002: Started authorization cache from keycloak container
2023-04-26 13:43:58,716 INFO  [org.jboss.as.clustering.infinispan] (ServerService Thread Pool -- 62) WFLYCLINF0002: Started realms cache from keycloak container
2023-04-26 13:43:58,716 INFO  [org.jboss.as.clustering.infinispan] (ServerService Thread Pool -- 58) WFLYCLINF0002: Started keys cache from keycloak container
2023-04-26 13:43:58,716 INFO  [org.jboss.as.clustering.infinispan] (ServerService Thread Pool -- 64) WFLYCLINF0002: Started users cache from keycloak container
2023-04-26 13:43:58,905 WARN  [org.jboss.as.server.deployment] (MSC service thread 1-1) WFLYSRV0273: Excluded subsystem webservices via jboss-deployment-structure.xml does not exist.
2023-04-26 13:43:59,167 INFO  [org.keycloak.services] (ServerService Thread Pool -- 52) KC-SERVICES0001: Loading config from standalone.xml or domain.xml
2023-04-26 13:43:59,473 INFO  [org.keycloak.url.DefaultHostnameProviderFactory] (ServerService Thread Pool -- 52) Frontend: <request>, Admin: <frontend>, Backend: <request>
2023-04-26 13:43:59,701 INFO  [org.jboss.as.clustering.infinispan] (ServerService Thread Pool -- 52) WFLYCLINF0002: Started realmRevisions cache from keycloak container
2023-04-26 13:43:59,706 INFO  [org.jboss.as.clustering.infinispan] (ServerService Thread Pool -- 52) WFLYCLINF0002: Started userRevisions cache from keycloak container
2023-04-26 13:43:59,710 INFO  [org.jboss.as.clustering.infinispan] (ServerService Thread Pool -- 52) WFLYCLINF0002: Started authorizationRevisions cache from keycloak container
2023-04-26 13:43:59,712 INFO  [org.keycloak.connections.infinispan.DefaultInfinispanConnectionProviderFactory] (ServerService Thread Pool -- 52) Node name: solaris022, Site name: null
2023-04-26 13:44:05,004 INFO  [org.keycloak.connections.jpa.DefaultJpaConnectionProviderFactory] (ServerService Thread Pool -- 52) Database info: {databaseUrl=jdbc:h2:C:\solaris\softwares\keycloak-16.1.0\standalone\data/keycloak, databaseUser=SA, databaseProduct=H2 1.4.197 (2018-03-18), databaseDriver=H2 JDBC Driver 1.4.197 (2018-03-18)}
2023-04-26 13:44:06,438 INFO  [org.hibernate.jpa.internal.util.LogHelper] (ServerService Thread Pool -- 52) HHH000204: Processing PersistenceUnitInfo [
	name: keycloak-default
	...]
2023-04-26 13:44:06,528 INFO  [org.hibernate.Version] (ServerService Thread Pool -- 52) HHH000412: Hibernate Core {5.3.24.Final}
2023-04-26 13:44:06,531 INFO  [org.hibernate.cfg.Environment] (ServerService Thread Pool -- 52) HHH000206: hibernate.properties not found
2023-04-26 13:44:06,745 INFO  [org.hibernate.annotations.common.Version] (ServerService Thread Pool -- 52) HCANN000001: Hibernate Commons Annotations {5.0.5.Final}
2023-04-26 13:44:06,925 INFO  [org.hibernate.dialect.Dialect] (ServerService Thread Pool -- 52) HHH000400: Using dialect: org.hibernate.dialect.H2Dialect
2023-04-26 13:44:06,981 INFO  [org.hibernate.envers.boot.internal.EnversServiceImpl] (ServerService Thread Pool -- 52) Envers integration enabled? : true
2023-04-26 13:44:07,207 INFO  [org.hibernate.orm.beans] (ServerService Thread Pool -- 52) HHH10005002: No explicit CDI BeanManager reference was passed to Hibernate, but CDI is available on the Hibernate ClassLoader.
2023-04-26 13:44:07,414 INFO  [org.hibernate.validator.internal.util.Version] (ServerService Thread Pool -- 52) HV000001: Hibernate Validator 6.0.22.Final
2023-04-26 13:44:08,573 INFO  [org.hibernate.hql.internal.QueryTranslatorFactoryInitiator] (ServerService Thread Pool -- 52) HHH000397: Using ASTQueryTranslatorFactory
2023-04-26 13:44:09,828 INFO  [org.jboss.resteasy.resteasy_jaxrs.i18n] (ServerService Thread Pool -- 52) RESTEASY002225: Deploying javax.ws.rs.core.Application: class org.keycloak.services.resources.KeycloakApplication
2023-04-26 13:44:09,831 INFO  [org.jboss.resteasy.resteasy_jaxrs.i18n] (ServerService Thread Pool -- 52) RESTEASY002205: Adding provider class org.keycloak.services.filters.KeycloakSecurityHeadersFilter from Application class org.keycloak.services.resources.KeycloakApplication
2023-04-26 13:44:09,833 INFO  [org.jboss.resteasy.resteasy_jaxrs.i18n] (ServerService Thread Pool -- 52) RESTEASY002200: Adding class resource org.keycloak.services.resources.JsResource from Application class org.keycloak.services.resources.KeycloakApplication
2023-04-26 13:44:09,833 INFO  [org.jboss.resteasy.resteasy_jaxrs.i18n] (ServerService Thread Pool -- 52) RESTEASY002200: Adding class resource org.keycloak.services.resources.ThemeResource from Application class org.keycloak.services.resources.KeycloakApplication
2023-04-26 13:44:09,834 INFO  [org.jboss.resteasy.resteasy_jaxrs.i18n] (ServerService Thread Pool -- 52) RESTEASY002205: Adding provider class org.keycloak.services.error.KeycloakErrorHandler from Application class org.keycloak.services.resources.KeycloakApplication
2023-04-26 13:44:09,834 INFO  [org.jboss.resteasy.resteasy_jaxrs.i18n] (ServerService Thread Pool -- 52) RESTEASY002220: Adding singleton resource org.keycloak.services.resources.WelcomeResource from Application class org.keycloak.services.resources.KeycloakApplication
2023-04-26 13:44:09,835 INFO  [org.jboss.resteasy.resteasy_jaxrs.i18n] (ServerService Thread Pool -- 52) RESTEASY002210: Adding provider singleton org.keycloak.services.util.ObjectMapperResolver from Application class org.keycloak.services.resources.KeycloakApplication
2023-04-26 13:44:09,835 INFO  [org.jboss.resteasy.resteasy_jaxrs.i18n] (ServerService Thread Pool -- 52) RESTEASY002220: Adding singleton resource org.keycloak.services.resources.RobotsResource from Application class org.keycloak.services.resources.KeycloakApplication
2023-04-26 13:44:09,836 INFO  [org.jboss.resteasy.resteasy_jaxrs.i18n] (ServerService Thread Pool -- 52) RESTEASY002220: Adding singleton resource org.keycloak.services.resources.RealmsResource from Application class org.keycloak.services.resources.KeycloakApplication
2023-04-26 13:44:09,836 INFO  [org.jboss.resteasy.resteasy_jaxrs.i18n] (ServerService Thread Pool -- 52) RESTEASY002220: Adding singleton resource org.keycloak.services.resources.admin.AdminRoot from Application class org.keycloak.services.resources.KeycloakApplication
2023-04-26 13:44:09,942 INFO  [org.wildfly.extension.undertow] (ServerService Thread Pool -- 52) WFLYUT0021: Registered web context: '/auth' for server 'default-server'
2023-04-26 13:44:10,037 INFO  [org.jboss.as.server] (ServerService Thread Pool -- 42) WFLYSRV0010: Deployed "keycloak-server.war" (runtime-name : "keycloak-server.war")
2023-04-26 13:44:10,111 INFO  [org.jboss.as.server] (Controller Boot Thread) WFLYSRV0212: Resuming server
2023-04-26 13:44:10,115 INFO  [org.jboss.as] (Controller Boot Thread) WFLYSRV0025: Keycloak 16.1.0 (WildFly Core 18.0.0.Final) started in 17676ms - Started 573 of 851 services (576 services are lazy, passive or on-demand)
2023-04-26 13:44:10,119 INFO  [org.jboss.as] (Controller Boot Thread) WFLYSRV0060: Http management interface listening on http://0.0.0.0:9990/management
2023-04-26 13:44:10,119 INFO  [org.jboss.as] (Controller Boot Thread) WFLYSRV0051: Admin console listening on http://0.0.0.0:9990
